<?xml version="1.0" encoding="UTF-8"?>
<testng-results ignored="0" total="1" passed="1" failed="0" skipped="0">
  <reporter-output>
  </reporter-output>
  <suite started-at="2025-10-30T15:53:52 IST" name="Suite" finished-at="2025-10-30T15:56:22 IST" duration-ms="149708">
    <groups>
    </groups>
    <test started-at="2025-10-30T15:53:52 IST" name="Test" finished-at="2025-10-30T15:56:22 IST" duration-ms="149708">
      <class name="com.firstcry.test.Login">
        <test-method is-config="true" signature="setupreport()[pri:0, instance:com.firstcry.test.Login@8297b3a]" started-at="2025-10-30T15:53:52 IST" name="setupreport" finished-at="2025-10-30T15:53:52 IST" duration-ms="196" status="PASS">
          <reporter-output>
          </reporter-output>
        </test-method> <!-- setupreport -->
        <test-method is-config="true" signature="setup()[pri:0, instance:com.firstcry.test.Login@8297b3a]" started-at="2025-10-30T15:53:53 IST" name="setup" finished-at="2025-10-30T15:53:56 IST" duration-ms="3935" status="PASS">
          <reporter-output>
          </reporter-output>
        </test-method> <!-- setup -->
        <test-method signature="firstCryFullFlow()[pri:0, instance:com.firstcry.test.Login@8297b3a]" started-at="2025-10-30T15:53:56 IST" name="firstCryFullFlow" finished-at="2025-10-30T15:56:17 IST" duration-ms="140390" status="PASS">
          <reporter-output>
          </reporter-output>
        </test-method> <!-- firstCryFullFlow -->
        <test-method is-config="true" signature="teardown()[pri:0, instance:com.firstcry.test.Login@8297b3a]" started-at="2025-10-30T15:56:17 IST" name="teardown" finished-at="2025-10-30T15:56:22 IST" duration-ms="5346" status="PASS">
          <reporter-output>
          </reporter-output>
        </test-method> <!-- teardown -->
        <test-method is-config="true" signature="flushreport()[pri:0, instance:com.firstcry.test.Login@8297b3a]" started-at="2025-10-30T15:56:22 IST" name="flushreport" finished-at="2025-10-30T15:56:23 IST" duration-ms="905" status="PASS">
          <reporter-output>
          </reporter-output>
        </test-method> <!-- flushreport -->
      </class> <!-- com.firstcry.test.Login -->
    </test> <!-- Test -->
  </suite> <!-- Suite -->
</testng-results>
